[2014-12-16 08:03:06] AgnamStore.INFO: Matched route "GET_" (parameters: "_controller": "AgnamStore\Controller\HomeController::index", "_route": "GET_") [] []
[2014-12-16 08:03:06] AgnamStore.INFO: Populated SecurityContext with an anonymous Token [] []
[2014-12-16 08:03:06] AgnamStore.INFO: > GET / [] []
[2014-12-16 08:03:06] AgnamStore.INFO: < 200 [] []
[2014-12-16 08:03:06] AgnamStore.INFO: Matched route "_wdt" (parameters: "_controller": "web_profiler.controller.profiler:toolbarAction", "token": "b0814b", "_route": "_wdt") [] []
[2014-12-16 08:03:06] AgnamStore.INFO: Populated SecurityContext with an anonymous Token [] []
[2014-12-16 08:03:06] AgnamStore.INFO: > GET /_profiler/wdt/b0814b [] []
[2014-12-16 08:03:06] AgnamStore.INFO: < 200 [] []
[2014-12-16 08:03:13] AgnamStore.INFO: Matched route "GET_" (parameters: "_controller": "AgnamStore\Controller\HomeController::index", "_route": "GET_") [] []
[2014-12-16 08:03:13] AgnamStore.INFO: Populated SecurityContext with an anonymous Token [] []
[2014-12-16 08:03:13] AgnamStore.INFO: > GET / [] []
[2014-12-16 08:03:13] AgnamStore.INFO: < 200 [] []
[2014-12-16 08:03:13] AgnamStore.INFO: Matched route "_wdt" (parameters: "_controller": "web_profiler.controller.profiler:toolbarAction", "token": "e1e91b", "_route": "_wdt") [] []
[2014-12-16 08:03:13] AgnamStore.INFO: Populated SecurityContext with an anonymous Token [] []
[2014-12-16 08:03:13] AgnamStore.INFO: > GET /_profiler/wdt/e1e91b [] []
[2014-12-16 08:03:13] AgnamStore.INFO: < 200 [] []
[2014-12-16 08:04:20] AgnamStore.INFO: Matched route "login" (parameters: "_controller": "AgnamStore\Controller\UserController::loginAction", "_route": "login") [] []
[2014-12-16 08:04:20] AgnamStore.INFO: Populated SecurityContext with an anonymous Token [] []
[2014-12-16 08:04:20] AgnamStore.INFO: > GET /login [] []
[2014-12-16 08:04:21] AgnamStore.INFO: < 200 [] []
[2014-12-16 08:04:21] AgnamStore.INFO: Matched route "_wdt" (parameters: "_controller": "web_profiler.controller.profiler:toolbarAction", "token": "f80a10", "_route": "_wdt") [] []
[2014-12-16 08:04:21] AgnamStore.INFO: Populated SecurityContext with an anonymous Token [] []
[2014-12-16 08:04:21] AgnamStore.INFO: > GET /_profiler/wdt/f80a10 [] []
[2014-12-16 08:04:21] AgnamStore.INFO: < 200 [] []
[2014-12-16 08:04:45] AgnamStore.INFO: Matched route "login_check" (parameters: "_controller": "null", "_route": "login_check") [] []
[2014-12-16 08:04:45] AgnamStore.INFO: User "simplyy.design@gmail.com" has been authenticated successfully [] []
[2014-12-16 08:04:45] AgnamStore.INFO: < 302 http://localhost2/ [] []
[2014-12-16 08:04:45] AgnamStore.INFO: Matched route "GET_" (parameters: "_controller": "AgnamStore\Controller\HomeController::index", "_route": "GET_") [] []
[2014-12-16 08:04:45] AgnamStore.INFO: > GET / [] []
[2014-12-16 08:04:45] AgnamStore.INFO: < 200 [] []
[2014-12-16 08:04:46] AgnamStore.INFO: Matched route "_wdt" (parameters: "_controller": "web_profiler.controller.profiler:toolbarAction", "token": "4b58c2", "_route": "_wdt") [] []
[2014-12-16 08:04:46] AgnamStore.INFO: > GET /_profiler/wdt/4b58c2 [] []
[2014-12-16 08:04:46] AgnamStore.INFO: < 200 [] []
[2014-12-16 08:04:52] AgnamStore.INFO: Matched route "_user" (parameters: "_controller": "AgnamStore\Controller\UserController::profil", "_route": "_user") [] []
[2014-12-16 08:04:52] AgnamStore.INFO: > GET /user [] []
[2014-12-16 08:04:52] AgnamStore.INFO: < 200 [] []
[2014-12-16 08:04:52] AgnamStore.INFO: Matched route "_wdt" (parameters: "_controller": "web_profiler.controller.profiler:toolbarAction", "token": "4dfca0", "_route": "_wdt") [] []
[2014-12-16 08:04:52] AgnamStore.INFO: > GET /_profiler/wdt/4dfca0 [] []
[2014-12-16 08:04:53] AgnamStore.INFO: < 200 [] []
[2014-12-16 08:04:54] AgnamStore.INFO: Matched route "_user_password" (parameters: "_controller": "AgnamStore\Controller\UserController::password", "_route": "_user_password") [] []
[2014-12-16 08:04:54] AgnamStore.INFO: > GET /user/password [] []
[2014-12-16 08:04:54] AgnamStore.INFO: < 200 [] []
[2014-12-16 08:04:54] AgnamStore.INFO: Matched route "_wdt" (parameters: "_controller": "web_profiler.controller.profiler:toolbarAction", "token": "a4785a", "_route": "_wdt") [] []
[2014-12-16 08:04:54] AgnamStore.INFO: > GET /_profiler/wdt/a4785a [] []
[2014-12-16 08:04:55] AgnamStore.INFO: < 200 [] []
[2014-12-16 08:04:55] AgnamStore.INFO: Matched route "_user" (parameters: "_controller": "AgnamStore\Controller\UserController::profil", "_route": "_user") [] []
[2014-12-16 08:04:55] AgnamStore.INFO: > GET /user [] []
[2014-12-16 08:04:55] AgnamStore.INFO: < 200 [] []
[2014-12-16 08:04:55] AgnamStore.INFO: Matched route "_wdt" (parameters: "_controller": "web_profiler.controller.profiler:toolbarAction", "token": "38c875", "_route": "_wdt") [] []
[2014-12-16 08:04:55] AgnamStore.INFO: > GET /_profiler/wdt/38c875 [] []
[2014-12-16 08:04:56] AgnamStore.INFO: < 200 [] []
[2014-12-16 08:05:02] AgnamStore.INFO: Matched route "_user" (parameters: "_controller": "AgnamStore\Controller\UserController::profil", "_route": "_user") [] []
[2014-12-16 08:05:02] AgnamStore.INFO: > POST /user [] []
[2014-12-16 08:05:02] AgnamStore.INFO: < 200 [] []
[2014-12-16 08:05:03] AgnamStore.INFO: Matched route "_wdt" (parameters: "_controller": "web_profiler.controller.profiler:toolbarAction", "token": "97b1ef", "_route": "_wdt") [] []
[2014-12-16 08:05:03] AgnamStore.INFO: > GET /_profiler/wdt/97b1ef [] []
[2014-12-16 08:05:03] AgnamStore.INFO: < 200 [] []
[2014-12-16 08:05:04] AgnamStore.INFO: Matched route "logout" (parameters: "_controller": "null", "_route": "logout") [] []
[2014-12-16 08:05:04] AgnamStore.INFO: < 302 http://localhost2/ [] []
[2014-12-16 08:05:05] AgnamStore.INFO: Matched route "GET_" (parameters: "_controller": "AgnamStore\Controller\HomeController::index", "_route": "GET_") [] []
[2014-12-16 08:05:05] AgnamStore.INFO: Populated SecurityContext with an anonymous Token [] []
[2014-12-16 08:05:05] AgnamStore.INFO: > GET / [] []
[2014-12-16 08:05:05] AgnamStore.INFO: < 200 [] []
[2014-12-16 08:05:05] AgnamStore.INFO: Matched route "_wdt" (parameters: "_controller": "web_profiler.controller.profiler:toolbarAction", "token": "f35c93", "_route": "_wdt") [] []
[2014-12-16 08:05:05] AgnamStore.INFO: Populated SecurityContext with an anonymous Token [] []
[2014-12-16 08:05:05] AgnamStore.INFO: > GET /_profiler/wdt/f35c93 [] []
[2014-12-16 08:05:05] AgnamStore.INFO: < 200 [] []
[2014-12-16 08:05:06] AgnamStore.INFO: Matched route "login" (parameters: "_controller": "AgnamStore\Controller\UserController::loginAction", "_route": "login") [] []
[2014-12-16 08:05:06] AgnamStore.INFO: Populated SecurityContext with an anonymous Token [] []
[2014-12-16 08:05:06] AgnamStore.INFO: > GET /login [] []
[2014-12-16 08:05:06] AgnamStore.INFO: < 200 [] []
[2014-12-16 08:05:06] AgnamStore.INFO: Matched route "_wdt" (parameters: "_controller": "web_profiler.controller.profiler:toolbarAction", "token": "bdd87b", "_route": "_wdt") [] []
[2014-12-16 08:05:06] AgnamStore.INFO: Populated SecurityContext with an anonymous Token [] []
[2014-12-16 08:05:06] AgnamStore.INFO: > GET /_profiler/wdt/bdd87b [] []
[2014-12-16 08:05:07] AgnamStore.INFO: < 200 [] []
[2014-12-16 08:05:18] AgnamStore.INFO: Matched route "login_check" (parameters: "_controller": "null", "_route": "login_check") [] []
[2014-12-16 08:05:18] AgnamStore.INFO: User "gory.alexandre02@gmail.com" has been authenticated successfully [] []
[2014-12-16 08:05:18] AgnamStore.INFO: < 302 http://localhost2/ [] []
[2014-12-16 08:05:18] AgnamStore.INFO: Matched route "GET_" (parameters: "_controller": "AgnamStore\Controller\HomeController::index", "_route": "GET_") [] []
[2014-12-16 08:05:18] AgnamStore.INFO: > GET / [] []
[2014-12-16 08:05:18] AgnamStore.INFO: < 200 [] []
[2014-12-16 08:05:18] AgnamStore.INFO: Matched route "_wdt" (parameters: "_controller": "web_profiler.controller.profiler:toolbarAction", "token": "88faff", "_route": "_wdt") [] []
[2014-12-16 08:05:18] AgnamStore.INFO: > GET /_profiler/wdt/88faff [] []
[2014-12-16 08:05:19] AgnamStore.INFO: < 200 [] []
[2014-12-16 08:05:42] AgnamStore.INFO: Matched route "GET_admin" (parameters: "_controller": "AgnamStore\Controller\HomeController::indexAdm", "_route": "GET_admin") [] []
[2014-12-16 08:05:42] AgnamStore.INFO: > GET /admin [] []
[2014-12-16 08:05:42] AgnamStore.INFO: < 200 [] []
[2014-12-16 08:05:43] AgnamStore.INFO: Matched route "_wdt" (parameters: "_controller": "web_profiler.controller.profiler:toolbarAction", "token": "d5879c", "_route": "_wdt") [] []
[2014-12-16 08:05:43] AgnamStore.INFO: > GET /_profiler/wdt/d5879c [] []
[2014-12-16 08:05:43] AgnamStore.INFO: < 200 [] []
[2014-12-16 08:05:46] AgnamStore.INFO: Matched route "_admin_user_id_" (parameters: "_controller": "AgnamStore\Controller\UserController::profilAdm", "id": "4", "_route": "_admin_user_id_") [] []
[2014-12-16 08:05:46] AgnamStore.INFO: > GET /admin/user/4/ [] []
[2014-12-16 08:05:46] AgnamStore.INFO: < 200 [] []
[2014-12-16 08:05:46] AgnamStore.INFO: Matched route "_wdt" (parameters: "_controller": "web_profiler.controller.profiler:toolbarAction", "token": "b867fd", "_route": "_wdt") [] []
[2014-12-16 08:05:46] AgnamStore.INFO: > GET /_profiler/wdt/b867fd [] []
[2014-12-16 08:05:46] AgnamStore.INFO: < 200 [] []
[2014-12-16 08:05:48] AgnamStore.INFO: Matched route "_admin_user_id_role" (parameters: "_controller": "AgnamStore\Controller\UserController::roleAdm", "id": "4", "_route": "_admin_user_id_role") [] []
[2014-12-16 08:05:48] AgnamStore.INFO: > GET /admin/user/4/role [] []
[2014-12-16 08:05:48] AgnamStore.INFO: < 200 [] []
[2014-12-16 08:05:48] AgnamStore.INFO: Matched route "_wdt" (parameters: "_controller": "web_profiler.controller.profiler:toolbarAction", "token": "5c3c2b", "_route": "_wdt") [] []
[2014-12-16 08:05:48] AgnamStore.INFO: > GET /_profiler/wdt/5c3c2b [] []
[2014-12-16 08:05:48] AgnamStore.INFO: < 200 [] []
[2014-12-16 08:05:50] AgnamStore.INFO: Matched route "_admin_user_id_role" (parameters: "_controller": "AgnamStore\Controller\UserController::roleAdm", "id": "4", "_route": "_admin_user_id_role") [] []
[2014-12-16 08:05:50] AgnamStore.INFO: > POST /admin/user/4/role [] []
[2014-12-16 08:05:50] AgnamStore.INFO: < 200 [] []
[2014-12-16 08:05:51] AgnamStore.INFO: Matched route "_wdt" (parameters: "_controller": "web_profiler.controller.profiler:toolbarAction", "token": "cdd444", "_route": "_wdt") [] []
[2014-12-16 08:05:51] AgnamStore.INFO: > GET /_profiler/wdt/cdd444 [] []
[2014-12-16 08:05:51] AgnamStore.INFO: < 200 [] []
[2014-12-16 08:06:09] AgnamStore.INFO: Matched route "_admin_user_id_" (parameters: "_controller": "AgnamStore\Controller\UserController::profilAdm", "id": "4", "_route": "_admin_user_id_") [] []
[2014-12-16 08:06:09] AgnamStore.INFO: > GET /admin/user/4/ [] []
[2014-12-16 08:06:10] AgnamStore.INFO: < 200 [] []
[2014-12-16 08:06:10] AgnamStore.INFO: Matched route "_wdt" (parameters: "_controller": "web_profiler.controller.profiler:toolbarAction", "token": "d24870", "_route": "_wdt") [] []
[2014-12-16 08:06:10] AgnamStore.INFO: > GET /_profiler/wdt/d24870 [] []
[2014-12-16 08:06:10] AgnamStore.INFO: < 200 [] []
[2014-12-16 08:06:11] AgnamStore.INFO: Matched route "_admin_user_id_role" (parameters: "_controller": "AgnamStore\Controller\UserController::roleAdm", "id": "4", "_route": "_admin_user_id_role") [] []
[2014-12-16 08:06:11] AgnamStore.INFO: > GET /admin/user/4/role [] []
[2014-12-16 08:06:12] AgnamStore.INFO: < 200 [] []
[2014-12-16 08:06:12] AgnamStore.INFO: Matched route "_wdt" (parameters: "_controller": "web_profiler.controller.profiler:toolbarAction", "token": "55bf45", "_route": "_wdt") [] []
[2014-12-16 08:06:12] AgnamStore.INFO: > GET /_profiler/wdt/55bf45 [] []
[2014-12-16 08:06:12] AgnamStore.INFO: < 200 [] []
[2014-12-16 08:06:13] AgnamStore.INFO: Matched route "_admin_user_id_" (parameters: "_controller": "AgnamStore\Controller\UserController::profilAdm", "id": "4", "_route": "_admin_user_id_") [] []
[2014-12-16 08:06:13] AgnamStore.INFO: > GET /admin/user/4/ [] []
[2014-12-16 08:06:13] AgnamStore.INFO: < 200 [] []
[2014-12-16 08:06:13] AgnamStore.INFO: Matched route "_wdt" (parameters: "_controller": "web_profiler.controller.profiler:toolbarAction", "token": "d8d791", "_route": "_wdt") [] []
[2014-12-16 08:06:13] AgnamStore.INFO: > GET /_profiler/wdt/d8d791 [] []
[2014-12-16 08:06:13] AgnamStore.INFO: < 200 [] []
[2014-12-16 08:06:14] AgnamStore.INFO: Matched route "GET_admin" (parameters: "_controller": "AgnamStore\Controller\HomeController::indexAdm", "_route": "GET_admin") [] []
[2014-12-16 08:06:14] AgnamStore.INFO: > GET /admin [] []
[2014-12-16 08:06:14] AgnamStore.INFO: < 200 [] []
[2014-12-16 08:06:14] AgnamStore.INFO: Matched route "_wdt" (parameters: "_controller": "web_profiler.controller.profiler:toolbarAction", "token": "d45617", "_route": "_wdt") [] []
[2014-12-16 08:06:14] AgnamStore.INFO: > GET /_profiler/wdt/d45617 [] []
[2014-12-16 08:06:14] AgnamStore.INFO: < 200 [] []
[2014-12-16 08:11:27] AgnamStore.INFO: Matched route "_user" (parameters: "_controller": "AgnamStore\Controller\UserController::profil", "_route": "_user") [] []
[2014-12-16 08:11:27] AgnamStore.INFO: > GET /user [] []
[2014-12-16 08:11:27] AgnamStore.INFO: < 200 [] []
[2014-12-16 08:11:27] AgnamStore.INFO: Matched route "_wdt" (parameters: "_controller": "web_profiler.controller.profiler:toolbarAction", "token": "d5f716", "_route": "_wdt") [] []
[2014-12-16 08:11:27] AgnamStore.INFO: > GET /_profiler/wdt/d5f716 [] []
[2014-12-16 08:11:28] AgnamStore.INFO: < 200 [] []
[2014-12-16 08:11:28] AgnamStore.INFO: Matched route "_user_password" (parameters: "_controller": "AgnamStore\Controller\UserController::password", "_route": "_user_password") [] []
[2014-12-16 08:11:28] AgnamStore.INFO: > GET /user/password [] []
[2014-12-16 08:11:28] AgnamStore.INFO: < 200 [] []
[2014-12-16 08:11:28] AgnamStore.INFO: Matched route "_wdt" (parameters: "_controller": "web_profiler.controller.profiler:toolbarAction", "token": "d94255", "_route": "_wdt") [] []
[2014-12-16 08:11:28] AgnamStore.INFO: > GET /_profiler/wdt/d94255 [] []
[2014-12-16 08:11:29] AgnamStore.INFO: < 200 [] []
[2014-12-16 08:11:29] AgnamStore.INFO: Matched route "_user" (parameters: "_controller": "AgnamStore\Controller\UserController::profil", "_route": "_user") [] []
[2014-12-16 08:11:29] AgnamStore.INFO: > GET /user [] []
[2014-12-16 08:11:29] AgnamStore.INFO: < 200 [] []
[2014-12-16 08:11:30] AgnamStore.INFO: Matched route "_wdt" (parameters: "_controller": "web_profiler.controller.profiler:toolbarAction", "token": "b7ea43", "_route": "_wdt") [] []
[2014-12-16 08:11:30] AgnamStore.INFO: > GET /_profiler/wdt/b7ea43 [] []
[2014-12-16 08:11:30] AgnamStore.INFO: < 200 [] []
[2014-12-16 08:11:30] AgnamStore.INFO: Matched route "GET_admin" (parameters: "_controller": "AgnamStore\Controller\HomeController::indexAdm", "_route": "GET_admin") [] []
[2014-12-16 08:11:30] AgnamStore.INFO: > GET /admin [] []
[2014-12-16 08:11:30] AgnamStore.INFO: < 200 [] []
[2014-12-16 08:11:30] AgnamStore.INFO: Matched route "_wdt" (parameters: "_controller": "web_profiler.controller.profiler:toolbarAction", "token": "dece32", "_route": "_wdt") [] []
[2014-12-16 08:11:30] AgnamStore.INFO: > GET /_profiler/wdt/dece32 [] []
[2014-12-16 08:11:31] AgnamStore.INFO: < 200 [] []
[2014-12-16 08:14:51] AgnamStore.INFO: Matched route "GET_items_typetypeId" (parameters: "_controller": "AgnamStore\Controller\ItemController::itemsByType", "typeId": "4", "_route": "GET_items_typetypeId") [] []
[2014-12-16 08:14:51] AgnamStore.INFO: > GET /items/type=4 [] []
[2014-12-16 08:14:51] AgnamStore.INFO: < 200 [] []
[2014-12-16 08:14:52] AgnamStore.INFO: Matched route "_wdt" (parameters: "_controller": "web_profiler.controller.profiler:toolbarAction", "token": "864fee", "_route": "_wdt") [] []
[2014-12-16 08:14:52] AgnamStore.INFO: > GET /_profiler/wdt/864fee [] []
[2014-12-16 08:14:52] AgnamStore.INFO: < 200 [] []
[2014-12-16 08:15:08] AgnamStore.INFO: Matched route "GET_" (parameters: "_controller": "AgnamStore\Controller\HomeController::index", "_route": "GET_") [] []
[2014-12-16 08:15:08] AgnamStore.INFO: > GET / [] []
[2014-12-16 08:15:08] AgnamStore.INFO: < 200 [] []
[2014-12-16 08:15:08] AgnamStore.INFO: Matched route "_wdt" (parameters: "_controller": "web_profiler.controller.profiler:toolbarAction", "token": "800212", "_route": "_wdt") [] []
[2014-12-16 08:15:08] AgnamStore.INFO: > GET /_profiler/wdt/800212 [] []
[2014-12-16 08:15:09] AgnamStore.INFO: < 200 [] []
[2014-12-16 08:15:37] AgnamStore.INFO: Matched route "GET_admin" (parameters: "_controller": "AgnamStore\Controller\HomeController::indexAdm", "_route": "GET_admin") [] []
[2014-12-16 08:15:37] AgnamStore.INFO: > GET /admin [] []
[2014-12-16 08:15:37] AgnamStore.INFO: < 200 [] []
[2014-12-16 08:15:37] AgnamStore.INFO: Matched route "_wdt" (parameters: "_controller": "web_profiler.controller.profiler:toolbarAction", "token": "a974fb", "_route": "_wdt") [] []
[2014-12-16 08:15:37] AgnamStore.INFO: > GET /_profiler/wdt/a974fb [] []
[2014-12-16 08:15:38] AgnamStore.INFO: < 200 [] []
[2014-12-16 08:17:32] AgnamStore.INFO: Matched route "GET_" (parameters: "_controller": "AgnamStore\Controller\HomeController::index", "_route": "GET_") [] []
[2014-12-16 08:17:32] AgnamStore.INFO: > GET / [] []
[2014-12-16 08:17:32] AgnamStore.INFO: < 200 [] []
[2014-12-16 08:17:32] AgnamStore.INFO: Matched route "_wdt" (parameters: "_controller": "web_profiler.controller.profiler:toolbarAction", "token": "ae842a", "_route": "_wdt") [] []
[2014-12-16 08:17:32] AgnamStore.INFO: > GET /_profiler/wdt/ae842a [] []
[2014-12-16 08:17:32] AgnamStore.INFO: < 200 [] []
[2014-12-16 09:37:27] AgnamStore.INFO: Matched route "GET_" (parameters: "_controller": "AgnamStore\Controller\HomeController::index", "_route": "GET_") [] []
[2014-12-16 09:37:27] AgnamStore.INFO: Populated SecurityContext with an anonymous Token [] []
[2014-12-16 09:37:27] AgnamStore.INFO: > GET / [] []
[2014-12-16 09:37:27] AgnamStore.INFO: < 200 [] []
[2014-12-16 09:37:27] AgnamStore.INFO: Matched route "_wdt" (parameters: "_controller": "web_profiler.controller.profiler:toolbarAction", "token": "8ef1f9", "_route": "_wdt") [] []
[2014-12-16 09:37:27] AgnamStore.INFO: Populated SecurityContext with an anonymous Token [] []
[2014-12-16 09:37:27] AgnamStore.INFO: > GET /_profiler/wdt/8ef1f9 [] []
[2014-12-16 09:37:27] AgnamStore.INFO: < 200 [] []
[2014-12-16 09:38:12] AgnamStore.INFO: Matched route "GET_" (parameters: "_controller": "AgnamStore\Controller\HomeController::index", "_route": "GET_") [] []
[2014-12-16 09:38:12] AgnamStore.INFO: Populated SecurityContext with an anonymous Token [] []
[2014-12-16 09:38:12] AgnamStore.INFO: > GET / [] []
[2014-12-16 09:38:12] AgnamStore.INFO: < 200 [] []
[2014-12-16 09:38:12] AgnamStore.INFO: Matched route "_wdt" (parameters: "_controller": "web_profiler.controller.profiler:toolbarAction", "token": "8f6e9f", "_route": "_wdt") [] []
[2014-12-16 09:38:12] AgnamStore.INFO: Populated SecurityContext with an anonymous Token [] []
[2014-12-16 09:38:12] AgnamStore.INFO: > GET /_profiler/wdt/8f6e9f [] []
[2014-12-16 09:38:13] AgnamStore.INFO: < 200 [] []
[2014-12-16 09:39:28] AgnamStore.INFO: Matched route "GET_" (parameters: "_controller": "AgnamStore\Controller\HomeController::index", "_route": "GET_") [] []
[2014-12-16 09:39:28] AgnamStore.INFO: Populated SecurityContext with an anonymous Token [] []
[2014-12-16 09:39:28] AgnamStore.INFO: > GET / [] []
[2014-12-16 09:39:28] AgnamStore.INFO: < 200 [] []
[2014-12-16 09:39:28] AgnamStore.INFO: Matched route "_wdt" (parameters: "_controller": "web_profiler.controller.profiler:toolbarAction", "token": "5cdc2f", "_route": "_wdt") [] []
[2014-12-16 09:39:28] AgnamStore.INFO: Populated SecurityContext with an anonymous Token [] []
[2014-12-16 09:39:28] AgnamStore.INFO: > GET /_profiler/wdt/5cdc2f [] []
[2014-12-16 09:39:28] AgnamStore.INFO: < 200 [] []
[2014-12-16 09:39:40] AgnamStore.INFO: Matched route "GET_" (parameters: "_controller": "AgnamStore\Controller\HomeController::index", "_route": "GET_") [] []
[2014-12-16 09:39:40] AgnamStore.INFO: Populated SecurityContext with an anonymous Token [] []
[2014-12-16 09:39:40] AgnamStore.INFO: > GET / [] []
[2014-12-16 09:39:40] AgnamStore.INFO: < 200 [] []
[2014-12-16 09:39:41] AgnamStore.INFO: Matched route "_wdt" (parameters: "_controller": "web_profiler.controller.profiler:toolbarAction", "token": "ced9da", "_route": "_wdt") [] []
[2014-12-16 09:39:41] AgnamStore.INFO: Populated SecurityContext with an anonymous Token [] []
[2014-12-16 09:39:41] AgnamStore.INFO: > GET /_profiler/wdt/ced9da [] []
[2014-12-16 09:39:41] AgnamStore.INFO: < 200 [] []
[2014-12-16 09:40:22] AgnamStore.INFO: Matched route "GET_" (parameters: "_controller": "AgnamStore\Controller\HomeController::index", "_route": "GET_") [] []
[2014-12-16 09:40:22] AgnamStore.INFO: Populated SecurityContext with an anonymous Token [] []
[2014-12-16 09:40:22] AgnamStore.INFO: > GET / [] []
[2014-12-16 09:40:22] AgnamStore.INFO: < 200 [] []
[2014-12-16 09:40:22] AgnamStore.INFO: Matched route "_wdt" (parameters: "_controller": "web_profiler.controller.profiler:toolbarAction", "token": "b953a9", "_route": "_wdt") [] []
[2014-12-16 09:40:22] AgnamStore.INFO: Populated SecurityContext with an anonymous Token [] []
[2014-12-16 09:40:22] AgnamStore.INFO: > GET /_profiler/wdt/b953a9 [] []
[2014-12-16 09:40:22] AgnamStore.INFO: < 200 [] []
[2014-12-16 12:45:34] AgnamStore.INFO: Matched route "GET_" (parameters: "_controller": "AgnamStore\Controller\HomeController::index", "_route": "GET_") [] []
[2014-12-16 12:45:34] AgnamStore.INFO: Populated SecurityContext with an anonymous Token [] []
[2014-12-16 12:45:34] AgnamStore.INFO: > GET / [] []
[2014-12-16 12:45:34] AgnamStore.INFO: < 200 [] []
[2014-12-16 12:45:34] AgnamStore.INFO: Matched route "_wdt" (parameters: "_controller": "web_profiler.controller.profiler:toolbarAction", "token": "f03c67", "_route": "_wdt") [] []
[2014-12-16 12:45:34] AgnamStore.INFO: Populated SecurityContext with an anonymous Token [] []
[2014-12-16 12:45:34] AgnamStore.INFO: > GET /_profiler/wdt/f03c67 [] []
[2014-12-16 12:45:34] AgnamStore.ERROR: Symfony\Component\HttpKernel\Exception\NotFoundHttpException: No route found for "GET /favicon.ico" (uncaught exception) at M:\XAMPP\htdocs\agory\AgnamStore\vendor\symfony\http-kernel\Symfony\Component\HttpKernel\EventListener\RouterListener.php line 145 {"exception":"[object] (Symfony\\Component\\HttpKernel\\Exception\\NotFoundHttpException: No route found for \"GET /favicon.ico\" at M:\\XAMPP\\htdocs\\agory\\AgnamStore\\vendor\\symfony\\http-kernel\\Symfony\\Component\\HttpKernel\\EventListener\\RouterListener.php:145, Symfony\\Component\\Routing\\Exception\\ResourceNotFoundException:  at M:\\XAMPP\\htdocs\\agory\\AgnamStore\\vendor\\symfony\\routing\\Symfony\\Component\\Routing\\Matcher\\UrlMatcher.php:96)"} []
[2014-12-16 12:45:34] AgnamStore.INFO: < 404 [] []
[2014-12-16 12:45:34] AgnamStore.ERROR: Symfony\Component\HttpKernel\Exception\NotFoundHttpException: No route found for "GET /favicon.ico" (uncaught exception) at M:\XAMPP\htdocs\agory\AgnamStore\vendor\symfony\http-kernel\Symfony\Component\HttpKernel\EventListener\RouterListener.php line 145 {"exception":"[object] (Symfony\\Component\\HttpKernel\\Exception\\NotFoundHttpException: No route found for \"GET /favicon.ico\" at M:\\XAMPP\\htdocs\\agory\\AgnamStore\\vendor\\symfony\\http-kernel\\Symfony\\Component\\HttpKernel\\EventListener\\RouterListener.php:145, Symfony\\Component\\Routing\\Exception\\ResourceNotFoundException:  at M:\\XAMPP\\htdocs\\agory\\AgnamStore\\vendor\\symfony\\routing\\Symfony\\Component\\Routing\\Matcher\\UrlMatcher.php:96)"} []
[2014-12-16 12:45:34] AgnamStore.INFO: < 404 [] []
[2014-12-16 12:45:34] AgnamStore.INFO: < 200 [] []
[2014-12-16 12:45:34] AgnamStore.ERROR: Symfony\Component\HttpKernel\Exception\NotFoundHttpException: No route found for "GET /favicon.ico" (uncaught exception) at M:\XAMPP\htdocs\agory\AgnamStore\vendor\symfony\http-kernel\Symfony\Component\HttpKernel\EventListener\RouterListener.php line 145 {"exception":"[object] (Symfony\\Component\\HttpKernel\\Exception\\NotFoundHttpException: No route found for \"GET /favicon.ico\" at M:\\XAMPP\\htdocs\\agory\\AgnamStore\\vendor\\symfony\\http-kernel\\Symfony\\Component\\HttpKernel\\EventListener\\RouterListener.php:145, Symfony\\Component\\Routing\\Exception\\ResourceNotFoundException:  at M:\\XAMPP\\htdocs\\agory\\AgnamStore\\vendor\\symfony\\routing\\Symfony\\Component\\Routing\\Matcher\\UrlMatcher.php:96)"} []
[2014-12-16 12:45:35] AgnamStore.INFO: < 404 [] []
[2014-12-16 12:46:00] AgnamStore.INFO: Matched route "GET_items_typetypeId" (parameters: "_controller": "AgnamStore\Controller\ItemController::itemsByType", "typeId": "4", "_route": "GET_items_typetypeId") [] []
[2014-12-16 12:46:00] AgnamStore.INFO: Populated SecurityContext with an anonymous Token [] []
[2014-12-16 12:46:00] AgnamStore.INFO: > GET /items/type=4 [] []
[2014-12-16 12:46:00] AgnamStore.INFO: < 200 [] []
[2014-12-16 12:46:00] AgnamStore.INFO: Matched route "_wdt" (parameters: "_controller": "web_profiler.controller.profiler:toolbarAction", "token": "c8a81c", "_route": "_wdt") [] []
[2014-12-16 12:46:00] AgnamStore.INFO: Populated SecurityContext with an anonymous Token [] []
[2014-12-16 12:46:00] AgnamStore.INFO: > GET /_profiler/wdt/c8a81c [] []
[2014-12-16 12:46:00] AgnamStore.INFO: < 200 [] []
[2014-12-16 12:46:18] AgnamStore.INFO: Matched route "GET_" (parameters: "_controller": "AgnamStore\Controller\HomeController::index", "_route": "GET_") [] []
[2014-12-16 12:46:18] AgnamStore.INFO: Populated SecurityContext with an anonymous Token [] []
[2014-12-16 12:46:18] AgnamStore.INFO: > GET / [] []
[2014-12-16 12:46:18] AgnamStore.INFO: < 200 [] []
[2014-12-16 12:46:18] AgnamStore.INFO: Matched route "_wdt" (parameters: "_controller": "web_profiler.controller.profiler:toolbarAction", "token": "ffd81b", "_route": "_wdt") [] []
[2014-12-16 12:46:18] AgnamStore.INFO: Populated SecurityContext with an anonymous Token [] []
[2014-12-16 12:46:18] AgnamStore.INFO: > GET /_profiler/wdt/ffd81b [] []
[2014-12-16 12:46:18] AgnamStore.INFO: < 200 [] []
[2014-12-16 12:47:41] AgnamStore.INFO: Matched route "GET_" (parameters: "_controller": "AgnamStore\Controller\HomeController::index", "_route": "GET_") [] []
[2014-12-16 12:47:41] AgnamStore.INFO: Populated SecurityContext with an anonymous Token [] []
[2014-12-16 12:47:41] AgnamStore.INFO: > GET / [] []
[2014-12-16 12:47:41] AgnamStore.INFO: < 200 [] []
[2014-12-16 12:47:41] AgnamStore.INFO: Matched route "_wdt" (parameters: "_controller": "web_profiler.controller.profiler:toolbarAction", "token": "e372ba", "_route": "_wdt") [] []
[2014-12-16 12:47:41] AgnamStore.INFO: Populated SecurityContext with an anonymous Token [] []
[2014-12-16 12:47:41] AgnamStore.INFO: > GET /_profiler/wdt/e372ba [] []
[2014-12-16 12:47:41] AgnamStore.INFO: < 200 [] []
[2014-12-16 12:48:12] AgnamStore.INFO: Matched route "GET_" (parameters: "_controller": "AgnamStore\Controller\HomeController::index", "_route": "GET_") [] []
[2014-12-16 12:48:12] AgnamStore.INFO: Populated SecurityContext with an anonymous Token [] []
[2014-12-16 12:48:12] AgnamStore.INFO: > GET / [] []
[2014-12-16 12:48:12] AgnamStore.INFO: < 200 [] []
[2014-12-16 12:48:12] AgnamStore.INFO: Matched route "_wdt" (parameters: "_controller": "web_profiler.controller.profiler:toolbarAction", "token": "5aba4f", "_route": "_wdt") [] []
[2014-12-16 12:48:12] AgnamStore.INFO: Populated SecurityContext with an anonymous Token [] []
[2014-12-16 12:48:12] AgnamStore.INFO: > GET /_profiler/wdt/5aba4f [] []
[2014-12-16 12:48:12] AgnamStore.INFO: < 200 [] []
[2014-12-16 12:48:45] AgnamStore.INFO: Matched route "GET_" (parameters: "_controller": "AgnamStore\Controller\HomeController::index", "_route": "GET_") [] []
[2014-12-16 12:48:45] AgnamStore.INFO: Populated SecurityContext with an anonymous Token [] []
[2014-12-16 12:48:45] AgnamStore.INFO: > GET / [] []
[2014-12-16 12:48:45] AgnamStore.INFO: < 200 [] []
[2014-12-16 12:48:45] AgnamStore.INFO: Matched route "_wdt" (parameters: "_controller": "web_profiler.controller.profiler:toolbarAction", "token": "d93077", "_route": "_wdt") [] []
[2014-12-16 12:48:45] AgnamStore.INFO: Populated SecurityContext with an anonymous Token [] []
[2014-12-16 12:48:45] AgnamStore.INFO: > GET /_profiler/wdt/d93077 [] []
[2014-12-16 12:48:45] AgnamStore.INFO: < 200 [] []
[2014-12-16 12:48:57] AgnamStore.INFO: Matched route "GET_items_typetypeId" (parameters: "_controller": "AgnamStore\Controller\ItemController::itemsByType", "typeId": "2", "_route": "GET_items_typetypeId") [] []
[2014-12-16 12:48:57] AgnamStore.INFO: Populated SecurityContext with an anonymous Token [] []
[2014-12-16 12:48:57] AgnamStore.INFO: > GET /items/type=2 [] []
[2014-12-16 12:48:57] AgnamStore.INFO: < 200 [] []
[2014-12-16 12:48:57] AgnamStore.INFO: Matched route "_wdt" (parameters: "_controller": "web_profiler.controller.profiler:toolbarAction", "token": "8cb519", "_route": "_wdt") [] []
[2014-12-16 12:48:57] AgnamStore.INFO: Populated SecurityContext with an anonymous Token [] []
[2014-12-16 12:48:57] AgnamStore.INFO: > GET /_profiler/wdt/8cb519 [] []
[2014-12-16 12:48:58] AgnamStore.INFO: < 200 [] []
[2014-12-16 12:50:50] AgnamStore.INFO: Matched route "GET_" (parameters: "_controller": "AgnamStore\Controller\HomeController::index", "_route": "GET_") [] []
[2014-12-16 12:50:50] AgnamStore.INFO: Populated SecurityContext with an anonymous Token [] []
[2014-12-16 12:50:50] AgnamStore.INFO: > GET / [] []
[2014-12-16 12:50:50] AgnamStore.INFO: < 200 [] []
[2014-12-16 12:50:51] AgnamStore.INFO: Matched route "_wdt" (parameters: "_controller": "web_profiler.controller.profiler:toolbarAction", "token": "c0f4cf", "_route": "_wdt") [] []
[2014-12-16 12:50:51] AgnamStore.INFO: Populated SecurityContext with an anonymous Token [] []
[2014-12-16 12:50:51] AgnamStore.INFO: > GET /_profiler/wdt/c0f4cf [] []
[2014-12-16 12:50:51] AgnamStore.INFO: < 200 [] []
[2014-12-16 12:51:16] AgnamStore.INFO: Matched route "GET_items_typetypeId" (parameters: "_controller": "AgnamStore\Controller\ItemController::itemsByType", "typeId": "2", "_route": "GET_items_typetypeId") [] []
[2014-12-16 12:51:16] AgnamStore.INFO: Populated SecurityContext with an anonymous Token [] []
[2014-12-16 12:51:16] AgnamStore.INFO: > GET /items/type=2 [] []
[2014-12-16 12:51:16] AgnamStore.INFO: < 200 [] []
[2014-12-16 12:51:16] AgnamStore.INFO: Matched route "_wdt" (parameters: "_controller": "web_profiler.controller.profiler:toolbarAction", "token": "9f6b80", "_route": "_wdt") [] []
[2014-12-16 12:51:16] AgnamStore.INFO: Populated SecurityContext with an anonymous Token [] []
[2014-12-16 12:51:16] AgnamStore.INFO: > GET /_profiler/wdt/9f6b80 [] []
[2014-12-16 12:51:16] AgnamStore.INFO: < 200 [] []
[2014-12-16 12:51:21] AgnamStore.INFO: Matched route "GET_" (parameters: "_controller": "AgnamStore\Controller\HomeController::index", "_route": "GET_") [] []
[2014-12-16 12:51:21] AgnamStore.INFO: Populated SecurityContext with an anonymous Token [] []
[2014-12-16 12:51:21] AgnamStore.INFO: > GET / [] []
[2014-12-16 12:51:21] AgnamStore.INFO: < 200 [] []
[2014-12-16 12:51:21] AgnamStore.INFO: Matched route "_wdt" (parameters: "_controller": "web_profiler.controller.profiler:toolbarAction", "token": "d9f1e4", "_route": "_wdt") [] []
[2014-12-16 12:51:21] AgnamStore.INFO: Populated SecurityContext with an anonymous Token [] []
[2014-12-16 12:51:21] AgnamStore.INFO: > GET /_profiler/wdt/d9f1e4 [] []
[2014-12-16 12:51:22] AgnamStore.INFO: < 200 [] []
[2014-12-16 12:51:28] AgnamStore.INFO: Matched route "GET_items_id" (parameters: "_controller": "AgnamStore\Controller\ItemController::itemById", "id": "1", "_route": "GET_items_id") [] []
[2014-12-16 12:51:28] AgnamStore.INFO: Populated SecurityContext with an anonymous Token [] []
[2014-12-16 12:51:28] AgnamStore.INFO: > GET /items/1 [] []
[2014-12-16 12:51:28] AgnamStore.INFO: < 200 [] []
[2014-12-16 12:51:28] AgnamStore.INFO: Matched route "_wdt" (parameters: "_controller": "web_profiler.controller.profiler:toolbarAction", "token": "d947ba", "_route": "_wdt") [] []
[2014-12-16 12:51:28] AgnamStore.INFO: Populated SecurityContext with an anonymous Token [] []
[2014-12-16 12:51:28] AgnamStore.INFO: > GET /_profiler/wdt/d947ba [] []
[2014-12-16 12:51:28] AgnamStore.INFO: < 200 [] []
[2014-12-17 11:04:11] AgnamStore.INFO: Matched route "GET_" (parameters: "_controller": "AgnamStore\Controller\HomeController::index", "_route": "GET_") [] []
[2014-12-17 11:04:11] AgnamStore.INFO: Populated SecurityContext with an anonymous Token [] []
[2014-12-17 11:04:11] AgnamStore.INFO: > GET / [] []
[2014-12-17 11:04:12] AgnamStore.INFO: < 200 [] []
[2014-12-17 11:04:12] AgnamStore.INFO: Matched route "_wdt" (parameters: "_controller": "web_profiler.controller.profiler:toolbarAction", "token": "e56392", "_route": "_wdt") [] []
[2014-12-17 11:04:12] AgnamStore.INFO: Populated SecurityContext with an anonymous Token [] []
[2014-12-17 11:04:12] AgnamStore.INFO: > GET /_profiler/wdt/e56392 [] []
[2014-12-17 11:04:12] AgnamStore.ERROR: Symfony\Component\HttpKernel\Exception\NotFoundHttpException: No route found for "GET /favicon.ico" (uncaught exception) at M:\xampp\htdocs\agory\AgnamStore\vendor\symfony\http-kernel\Symfony\Component\HttpKernel\EventListener\RouterListener.php line 145 {"exception":"[object] (Symfony\\Component\\HttpKernel\\Exception\\NotFoundHttpException: No route found for \"GET /favicon.ico\" at M:\\xampp\\htdocs\\agory\\AgnamStore\\vendor\\symfony\\http-kernel\\Symfony\\Component\\HttpKernel\\EventListener\\RouterListener.php:145, Symfony\\Component\\Routing\\Exception\\ResourceNotFoundException:  at M:\\xampp\\htdocs\\agory\\AgnamStore\\vendor\\symfony\\routing\\Symfony\\Component\\Routing\\Matcher\\UrlMatcher.php:96)"} []
[2014-12-17 11:04:12] AgnamStore.INFO: < 404 [] []
[2014-12-17 11:04:12] AgnamStore.ERROR: Symfony\Component\HttpKernel\Exception\NotFoundHttpException: No route found for "GET /favicon.ico" (uncaught exception) at M:\xampp\htdocs\agory\AgnamStore\vendor\symfony\http-kernel\Symfony\Component\HttpKernel\EventListener\RouterListener.php line 145 {"exception":"[object] (Symfony\\Component\\HttpKernel\\Exception\\NotFoundHttpException: No route found for \"GET /favicon.ico\" at M:\\xampp\\htdocs\\agory\\AgnamStore\\vendor\\symfony\\http-kernel\\Symfony\\Component\\HttpKernel\\EventListener\\RouterListener.php:145, Symfony\\Component\\Routing\\Exception\\ResourceNotFoundException:  at M:\\xampp\\htdocs\\agory\\AgnamStore\\vendor\\symfony\\routing\\Symfony\\Component\\Routing\\Matcher\\UrlMatcher.php:96)"} []
[2014-12-17 11:04:12] AgnamStore.INFO: < 404 [] []
[2014-12-17 11:04:12] AgnamStore.INFO: < 200 [] []
[2014-12-17 11:04:12] AgnamStore.ERROR: Symfony\Component\HttpKernel\Exception\NotFoundHttpException: No route found for "GET /favicon.ico" (uncaught exception) at M:\xampp\htdocs\agory\AgnamStore\vendor\symfony\http-kernel\Symfony\Component\HttpKernel\EventListener\RouterListener.php line 145 {"exception":"[object] (Symfony\\Component\\HttpKernel\\Exception\\NotFoundHttpException: No route found for \"GET /favicon.ico\" at M:\\xampp\\htdocs\\agory\\AgnamStore\\vendor\\symfony\\http-kernel\\Symfony\\Component\\HttpKernel\\EventListener\\RouterListener.php:145, Symfony\\Component\\Routing\\Exception\\ResourceNotFoundException:  at M:\\xampp\\htdocs\\agory\\AgnamStore\\vendor\\symfony\\routing\\Symfony\\Component\\Routing\\Matcher\\UrlMatcher.php:96)"} []
[2014-12-17 11:04:12] AgnamStore.INFO: < 404 [] []
[2014-12-17 11:04:14] AgnamStore.INFO: Matched route "login" (parameters: "_controller": "AgnamStore\Controller\UserController::loginAction", "_route": "login") [] []
[2014-12-17 11:04:14] AgnamStore.INFO: Populated SecurityContext with an anonymous Token [] []
[2014-12-17 11:04:14] AgnamStore.INFO: > GET /login [] []
[2014-12-17 11:04:14] AgnamStore.INFO: < 200 [] []
[2014-12-17 11:04:14] AgnamStore.INFO: Matched route "_wdt" (parameters: "_controller": "web_profiler.controller.profiler:toolbarAction", "token": "b7911a", "_route": "_wdt") [] []
[2014-12-17 11:04:14] AgnamStore.INFO: Populated SecurityContext with an anonymous Token [] []
[2014-12-17 11:04:14] AgnamStore.INFO: > GET /_profiler/wdt/b7911a [] []
[2014-12-17 11:04:14] AgnamStore.INFO: < 200 [] []
[2014-12-17 11:04:16] AgnamStore.INFO: Matched route "GET_" (parameters: "_controller": "AgnamStore\Controller\HomeController::index", "_route": "GET_") [] []
[2014-12-17 11:04:16] AgnamStore.INFO: Populated SecurityContext with an anonymous Token [] []
[2014-12-17 11:04:16] AgnamStore.INFO: > GET / [] []
[2014-12-17 11:04:16] AgnamStore.INFO: < 200 [] []
[2014-12-17 11:04:16] AgnamStore.INFO: Matched route "_wdt" (parameters: "_controller": "web_profiler.controller.profiler:toolbarAction", "token": "3348a4", "_route": "_wdt") [] []
[2014-12-17 11:04:16] AgnamStore.INFO: Populated SecurityContext with an anonymous Token [] []
[2014-12-17 11:04:16] AgnamStore.INFO: > GET /_profiler/wdt/3348a4 [] []
[2014-12-17 11:04:17] AgnamStore.INFO: < 200 [] []
[2014-12-17 11:04:20] AgnamStore.INFO: Matched route "login" (parameters: "_controller": "AgnamStore\Controller\UserController::loginAction", "_route": "login") [] []
[2014-12-17 11:04:20] AgnamStore.INFO: Populated SecurityContext with an anonymous Token [] []
[2014-12-17 11:04:20] AgnamStore.INFO: > GET /login [] []
[2014-12-17 11:04:20] AgnamStore.INFO: < 200 [] []
[2014-12-17 11:04:20] AgnamStore.INFO: Matched route "_wdt" (parameters: "_controller": "web_profiler.controller.profiler:toolbarAction", "token": "b6fc0e", "_route": "_wdt") [] []
[2014-12-17 11:04:20] AgnamStore.INFO: Populated SecurityContext with an anonymous Token [] []
[2014-12-17 11:04:20] AgnamStore.INFO: > GET /_profiler/wdt/b6fc0e [] []
[2014-12-17 11:04:21] AgnamStore.INFO: < 200 [] []
[2014-12-17 11:04:53] AgnamStore.INFO: Matched route "login_check" (parameters: "_controller": "null", "_route": "login_check") [] []
[2014-12-17 11:04:53] AgnamStore.INFO: User "gory.alexandre02@gmail.com" has been authenticated successfully [] []
[2014-12-17 11:04:53] AgnamStore.INFO: < 302 http://localhost2/ [] []
[2014-12-17 11:04:53] AgnamStore.INFO: Matched route "GET_" (parameters: "_controller": "AgnamStore\Controller\HomeController::index", "_route": "GET_") [] []
[2014-12-17 11:04:53] AgnamStore.INFO: > GET / [] []
[2014-12-17 11:04:53] AgnamStore.INFO: < 200 [] []
[2014-12-17 11:04:53] AgnamStore.INFO: Matched route "_wdt" (parameters: "_controller": "web_profiler.controller.profiler:toolbarAction", "token": "0b08fa", "_route": "_wdt") [] []
[2014-12-17 11:04:53] AgnamStore.INFO: > GET /_profiler/wdt/0b08fa [] []
[2014-12-17 11:04:53] AgnamStore.INFO: < 200 [] []
[2014-12-17 11:04:55] AgnamStore.INFO: Matched route "GET_admin" (parameters: "_controller": "AgnamStore\Controller\HomeController::indexAdm", "_route": "GET_admin") [] []
[2014-12-17 11:04:55] AgnamStore.INFO: > GET /admin [] []
[2014-12-17 11:04:55] AgnamStore.INFO: < 200 [] []
[2014-12-17 11:04:55] AgnamStore.INFO: Matched route "_wdt" (parameters: "_controller": "web_profiler.controller.profiler:toolbarAction", "token": "517797", "_route": "_wdt") [] []
[2014-12-17 11:04:55] AgnamStore.INFO: > GET /_profiler/wdt/517797 [] []
[2014-12-17 11:04:56] AgnamStore.INFO: < 200 [] []
[2014-12-17 11:05:00] AgnamStore.INFO: Matched route "_admin_item_add" (parameters: "_controller": "AgnamStore\Controller\ItemController::addItemAdm", "_route": "_admin_item_add") [] []
[2014-12-17 11:05:00] AgnamStore.INFO: > GET /admin/item/add [] []
[2014-12-17 11:05:00] AgnamStore.INFO: < 200 [] []
[2014-12-17 11:05:01] AgnamStore.INFO: Matched route "" (parameters: "_controller": "{}", "_route": "null", "url": "/admin/item/script.js/") [] []
[2014-12-17 11:05:01] AgnamStore.INFO: > GET /admin/item/script.js [] []
[2014-12-17 11:05:01] AgnamStore.INFO: < 301 /admin/item/script.js/ [] []
[2014-12-17 11:05:01] AgnamStore.INFO: Matched route "_admin_item_id_" (parameters: "_controller": "AgnamStore\Controller\ItemController::editItemAdm", "id": "script.js", "_route": "_admin_item_id_") [] []
[2014-12-17 11:05:01] AgnamStore.INFO: > GET /admin/item/script.js/ [] []
[2014-12-17 11:05:01] AgnamStore.CRITICAL: Exception: No item found for id script.js (uncaught exception) at M:\xampp\htdocs\agory\AgnamStore\src\AgnamStore\DAO\ItemDAO.php line 100 {"exception":"[object] (Exception: No item found for id script.js at M:\\xampp\\htdocs\\agory\\AgnamStore\\src\\AgnamStore\\DAO\\ItemDAO.php:100)"} []
[2014-12-17 11:05:01] AgnamStore.INFO: < 500 [] []
[2014-12-17 11:05:01] AgnamStore.INFO: Matched route "_wdt" (parameters: "_controller": "web_profiler.controller.profiler:toolbarAction", "token": "f711ff", "_route": "_wdt") [] []
[2014-12-17 11:05:01] AgnamStore.INFO: > GET /_profiler/wdt/f711ff [] []
[2014-12-17 11:05:01] AgnamStore.INFO: < 200 [] []
[2014-12-17 11:05:15] AgnamStore.INFO: Matched route "_admin_item_add" (parameters: "_controller": "AgnamStore\Controller\ItemController::addItemAdm", "_route": "_admin_item_add") [] []
[2014-12-17 11:05:15] AgnamStore.INFO: > GET /admin/item/add [] []
[2014-12-17 11:05:15] AgnamStore.INFO: < 200 [] []
[2014-12-17 11:05:15] AgnamStore.INFO: Matched route "" (parameters: "_controller": "{}", "_route": "null", "url": "/admin/item/script.js/") [] []
[2014-12-17 11:05:15] AgnamStore.INFO: > GET /admin/item/script.js [] []
[2014-12-17 11:05:15] AgnamStore.INFO: < 301 /admin/item/script.js/ [] []
[2014-12-17 11:05:16] AgnamStore.INFO: Matched route "_admin_item_id_" (parameters: "_controller": "AgnamStore\Controller\ItemController::editItemAdm", "id": "script.js", "_route": "_admin_item_id_") [] []
[2014-12-17 11:05:16] AgnamStore.INFO: > GET /admin/item/script.js/ [] []
[2014-12-17 11:05:16] AgnamStore.CRITICAL: Exception: No item found for id script.js (uncaught exception) at M:\xampp\htdocs\agory\AgnamStore\src\AgnamStore\DAO\ItemDAO.php line 100 {"exception":"[object] (Exception: No item found for id script.js at M:\\xampp\\htdocs\\agory\\AgnamStore\\src\\AgnamStore\\DAO\\ItemDAO.php:100)"} []
[2014-12-17 11:05:16] AgnamStore.INFO: < 500 [] []
[2014-12-17 11:05:16] AgnamStore.INFO: Matched route "_wdt" (parameters: "_controller": "web_profiler.controller.profiler:toolbarAction", "token": "87e5d4", "_route": "_wdt") [] []
[2014-12-17 11:05:16] AgnamStore.INFO: > GET /_profiler/wdt/87e5d4 [] []
[2014-12-17 11:05:16] AgnamStore.INFO: < 200 [] []
[2014-12-17 11:05:36] AgnamStore.INFO: Matched route "_admin_item_add" (parameters: "_controller": "AgnamStore\Controller\ItemController::addItemAdm", "_route": "_admin_item_add") [] []
[2014-12-17 11:05:36] AgnamStore.INFO: > POST /admin/item/add [] []
[2014-12-17 11:05:36] AgnamStore.INFO: < 200 [] []
[2014-12-17 11:05:36] AgnamStore.INFO: Matched route "" (parameters: "_controller": "{}", "_route": "null", "url": "/admin/item/script.js/") [] []
[2014-12-17 11:05:36] AgnamStore.INFO: > GET /admin/item/script.js [] []
[2014-12-17 11:05:36] AgnamStore.INFO: < 301 /admin/item/script.js/ [] []
[2014-12-17 11:05:36] AgnamStore.INFO: Matched route "_admin_item_id_" (parameters: "_controller": "AgnamStore\Controller\ItemController::editItemAdm", "id": "script.js", "_route": "_admin_item_id_") [] []
[2014-12-17 11:05:36] AgnamStore.INFO: > GET /admin/item/script.js/ [] []
[2014-12-17 11:05:36] AgnamStore.CRITICAL: Exception: No item found for id script.js (uncaught exception) at M:\xampp\htdocs\agory\AgnamStore\src\AgnamStore\DAO\ItemDAO.php line 100 {"exception":"[object] (Exception: No item found for id script.js at M:\\xampp\\htdocs\\agory\\AgnamStore\\src\\AgnamStore\\DAO\\ItemDAO.php:100)"} []
[2014-12-17 11:05:36] AgnamStore.INFO: < 500 [] []
[2014-12-17 11:05:36] AgnamStore.INFO: Matched route "_wdt" (parameters: "_controller": "web_profiler.controller.profiler:toolbarAction", "token": "14ee18", "_route": "_wdt") [] []
[2014-12-17 11:05:36] AgnamStore.INFO: > GET /_profiler/wdt/14ee18 [] []
[2014-12-17 11:05:37] AgnamStore.INFO: < 200 [] []
[2014-12-17 11:06:27] AgnamStore.INFO: Matched route "_admin_item_add" (parameters: "_controller": "AgnamStore\Controller\ItemController::addItemAdm", "_route": "_admin_item_add") [] []
[2014-12-17 11:06:27] AgnamStore.INFO: > GET /admin/item/add [] []
[2014-12-17 11:06:27] AgnamStore.INFO: < 200 [] []
[2014-12-17 11:06:31] AgnamStore.INFO: Matched route "" (parameters: "_controller": "{}", "_route": "null", "url": "/admin/item/script.js/") [] []
[2014-12-17 11:06:31] AgnamStore.INFO: > GET /admin/item/script.js [] []
[2014-12-17 11:06:31] AgnamStore.INFO: < 301 /admin/item/script.js/ [] []
[2014-12-17 11:06:31] AgnamStore.INFO: Matched route "_admin_item_id_" (parameters: "_controller": "AgnamStore\Controller\ItemController::editItemAdm", "id": "script.js", "_route": "_admin_item_id_") [] []
[2014-12-17 11:06:31] AgnamStore.INFO: > GET /admin/item/script.js/ [] []
[2014-12-17 11:06:31] AgnamStore.CRITICAL: Exception: No item found for id script.js (uncaught exception) at M:\xampp\htdocs\agory\AgnamStore\src\AgnamStore\DAO\ItemDAO.php line 100 {"exception":"[object] (Exception: No item found for id script.js at M:\\xampp\\htdocs\\agory\\AgnamStore\\src\\AgnamStore\\DAO\\ItemDAO.php:100)"} []
[2014-12-17 11:06:31] AgnamStore.INFO: < 500 [] []
[2014-12-17 11:07:08] AgnamStore.INFO: Matched route "_admin_item_add" (parameters: "_controller": "AgnamStore\Controller\ItemController::addItemAdm", "_route": "_admin_item_add") [] []
[2014-12-17 11:07:08] AgnamStore.INFO: > GET /admin/item/add [] []
[2014-12-17 11:07:08] AgnamStore.INFO: < 200 [] []
[2014-12-17 11:07:08] AgnamStore.INFO: Matched route "" (parameters: "_controller": "{}", "_route": "null", "url": "/admin/item/genre.js/") [] []
[2014-12-17 11:07:08] AgnamStore.INFO: > GET /admin/item/genre.js [] []
[2014-12-17 11:07:08] AgnamStore.INFO: < 301 /admin/item/genre.js/ [] []
[2014-12-17 11:07:08] AgnamStore.INFO: Matched route "_admin_item_id_" (parameters: "_controller": "AgnamStore\Controller\ItemController::editItemAdm", "id": "genre.js", "_route": "_admin_item_id_") [] []
[2014-12-17 11:07:08] AgnamStore.INFO: > GET /admin/item/genre.js/ [] []
[2014-12-17 11:07:08] AgnamStore.CRITICAL: Exception: No item found for id genre.js (uncaught exception) at M:\xampp\htdocs\agory\AgnamStore\src\AgnamStore\DAO\ItemDAO.php line 100 {"exception":"[object] (Exception: No item found for id genre.js at M:\\xampp\\htdocs\\agory\\AgnamStore\\src\\AgnamStore\\DAO\\ItemDAO.php:100)"} []
[2014-12-17 11:07:09] AgnamStore.INFO: < 500 [] []
[2014-12-17 11:07:09] AgnamStore.INFO: Matched route "_wdt" (parameters: "_controller": "web_profiler.controller.profiler:toolbarAction", "token": "08bd02", "_route": "_wdt") [] []
[2014-12-17 11:07:09] AgnamStore.INFO: > GET /_profiler/wdt/08bd02 [] []
[2014-12-17 11:07:09] AgnamStore.INFO: < 200 [] []
[2014-12-17 11:07:14] AgnamStore.INFO: Matched route "_admin_item_add" (parameters: "_controller": "AgnamStore\Controller\ItemController::addItemAdm", "_route": "_admin_item_add") [] []
[2014-12-17 11:07:14] AgnamStore.INFO: > GET /admin/item/add [] []
[2014-12-17 11:07:14] AgnamStore.INFO: < 200 [] []
[2014-12-17 11:07:17] AgnamStore.INFO: Matched route "" (parameters: "_controller": "{}", "_route": "null", "url": "/admin/item/genre.js/") [] []
[2014-12-17 11:07:17] AgnamStore.INFO: > GET /admin/item/genre.js [] []
[2014-12-17 11:07:17] AgnamStore.INFO: < 301 /admin/item/genre.js/ [] []
[2014-12-17 11:07:17] AgnamStore.INFO: Matched route "_admin_item_id_" (parameters: "_controller": "AgnamStore\Controller\ItemController::editItemAdm", "id": "genre.js", "_route": "_admin_item_id_") [] []
[2014-12-17 11:07:17] AgnamStore.INFO: > GET /admin/item/genre.js/ [] []
[2014-12-17 11:07:17] AgnamStore.CRITICAL: Exception: No item found for id genre.js (uncaught exception) at M:\xampp\htdocs\agory\AgnamStore\src\AgnamStore\DAO\ItemDAO.php line 100 {"exception":"[object] (Exception: No item found for id genre.js at M:\\xampp\\htdocs\\agory\\AgnamStore\\src\\AgnamStore\\DAO\\ItemDAO.php:100)"} []
[2014-12-17 11:07:17] AgnamStore.INFO: < 500 [] []
[2014-12-17 11:07:54] AgnamStore.INFO: Matched route "_admin_item_add" (parameters: "_controller": "AgnamStore\Controller\ItemController::addItemAdm", "_route": "_admin_item_add") [] []
[2014-12-17 11:07:54] AgnamStore.INFO: > GET /admin/item/add [] []
[2014-12-17 11:07:54] AgnamStore.INFO: < 200 [] []
[2014-12-17 11:07:54] AgnamStore.INFO: Matched route "_wdt" (parameters: "_controller": "web_profiler.controller.profiler:toolbarAction", "token": "1664f6", "_route": "_wdt") [] []
[2014-12-17 11:07:54] AgnamStore.INFO: > GET /_profiler/wdt/1664f6 [] []
[2014-12-17 11:07:55] AgnamStore.INFO: < 200 [] []
[2014-12-17 11:07:59] AgnamStore.INFO: Matched route "_admin_item_add" (parameters: "_controller": "AgnamStore\Controller\ItemController::addItemAdm", "_route": "_admin_item_add") [] []
[2014-12-17 11:07:59] AgnamStore.INFO: > GET /admin/item/add [] []
[2014-12-17 11:08:00] AgnamStore.INFO: < 200 [] []
[2014-12-17 11:09:14] AgnamStore.INFO: Matched route "_admin_item_add" (parameters: "_controller": "AgnamStore\Controller\ItemController::addItemAdm", "_route": "_admin_item_add") [] []
[2014-12-17 11:09:14] AgnamStore.INFO: > GET /admin/item/add [] []
[2014-12-17 11:09:14] AgnamStore.INFO: < 200 [] []
[2014-12-17 11:09:14] AgnamStore.INFO: Matched route "_wdt" (parameters: "_controller": "web_profiler.controller.profiler:toolbarAction", "token": "cef0af", "_route": "_wdt") [] []
[2014-12-17 11:09:14] AgnamStore.INFO: > GET /_profiler/wdt/cef0af [] []
[2014-12-17 11:09:14] AgnamStore.INFO: < 200 [] []
[2014-12-17 11:10:18] AgnamStore.INFO: Matched route "_admin_item_add" (parameters: "_controller": "AgnamStore\Controller\ItemController::addItemAdm", "_route": "_admin_item_add") [] []
[2014-12-17 11:10:18] AgnamStore.INFO: > GET /admin/item/add [] []
[2014-12-17 11:10:18] AgnamStore.INFO: < 200 [] []
[2014-12-17 11:10:18] AgnamStore.INFO: Matched route "_wdt" (parameters: "_controller": "web_profiler.controller.profiler:toolbarAction", "token": "a87edf", "_route": "_wdt") [] []
[2014-12-17 11:10:18] AgnamStore.INFO: > GET /_profiler/wdt/a87edf [] []
[2014-12-17 11:10:19] AgnamStore.INFO: < 200 [] []
[2014-12-17 11:15:13] AgnamStore.INFO: Matched route "_admin_item_add" (parameters: "_controller": "AgnamStore\Controller\ItemController::addItemAdm", "_route": "_admin_item_add") [] []
[2014-12-17 11:15:13] AgnamStore.INFO: > GET /admin/item/add [] []
[2014-12-17 11:15:13] AgnamStore.INFO: < 200 [] []
[2014-12-17 11:15:13] AgnamStore.INFO: Matched route "_wdt" (parameters: "_controller": "web_profiler.controller.profiler:toolbarAction", "token": "5f60b5", "_route": "_wdt") [] []
[2014-12-17 11:15:13] AgnamStore.INFO: > GET /_profiler/wdt/5f60b5 [] []
[2014-12-17 11:15:13] AgnamStore.INFO: < 200 [] []
[2014-12-17 11:15:41] AgnamStore.INFO: Matched route "_admin_item_add" (parameters: "_controller": "AgnamStore\Controller\ItemController::addItemAdm", "_route": "_admin_item_add") [] []
[2014-12-17 11:15:41] AgnamStore.INFO: > GET /admin/item/add [] []
[2014-12-17 11:15:41] AgnamStore.INFO: < 200 [] []
[2014-12-17 11:15:42] AgnamStore.INFO: Matched route "_wdt" (parameters: "_controller": "web_profiler.controller.profiler:toolbarAction", "token": "ab6930", "_route": "_wdt") [] []
[2014-12-17 11:15:42] AgnamStore.INFO: > GET /_profiler/wdt/ab6930 [] []
[2014-12-17 11:15:42] AgnamStore.INFO: < 200 [] []
[2014-12-17 11:17:41] AgnamStore.INFO: Matched route "_admin_item_add" (parameters: "_controller": "AgnamStore\Controller\ItemController::addItemAdm", "_route": "_admin_item_add") [] []
[2014-12-17 11:17:41] AgnamStore.INFO: > GET /admin/item/add [] []
[2014-12-17 11:17:42] AgnamStore.INFO: < 200 [] []
[2014-12-17 11:17:42] AgnamStore.INFO: Matched route "_wdt" (parameters: "_controller": "web_profiler.controller.profiler:toolbarAction", "token": "62a4bc", "_route": "_wdt") [] []
[2014-12-17 11:17:42] AgnamStore.INFO: > GET /_profiler/wdt/62a4bc [] []
[2014-12-17 11:17:42] AgnamStore.INFO: < 200 [] []
[2014-12-17 11:18:02] AgnamStore.INFO: Matched route "_admin_item_add" (parameters: "_controller": "AgnamStore\Controller\ItemController::addItemAdm", "_route": "_admin_item_add") [] []
[2014-12-17 11:18:02] AgnamStore.INFO: > GET /admin/item/add [] []
[2014-12-17 11:18:02] AgnamStore.INFO: < 200 [] []
[2014-12-17 11:18:02] AgnamStore.INFO: Matched route "_wdt" (parameters: "_controller": "web_profiler.controller.profiler:toolbarAction", "token": "fbf3e2", "_route": "_wdt") [] []
[2014-12-17 11:18:02] AgnamStore.INFO: > GET /_profiler/wdt/fbf3e2 [] []
[2014-12-17 11:18:02] AgnamStore.INFO: < 200 [] []
[2014-12-17 11:21:41] AgnamStore.INFO: Matched route "_admin_item_add" (parameters: "_controller": "AgnamStore\Controller\ItemController::addItemAdm", "_route": "_admin_item_add") [] []
[2014-12-17 11:21:41] AgnamStore.INFO: > GET /admin/item/add [] []
[2014-12-17 11:21:41] AgnamStore.INFO: < 200 [] []
[2014-12-17 11:21:41] AgnamStore.INFO: Matched route "_wdt" (parameters: "_controller": "web_profiler.controller.profiler:toolbarAction", "token": "5adc11", "_route": "_wdt") [] []
[2014-12-17 11:21:41] AgnamStore.INFO: > GET /_profiler/wdt/5adc11 [] []
[2014-12-17 11:21:42] AgnamStore.INFO: < 200 [] []
[2014-12-17 11:27:13] AgnamStore.INFO: Matched route "_admin_item_add" (parameters: "_controller": "AgnamStore\Controller\ItemController::addItemAdm", "_route": "_admin_item_add") [] []
[2014-12-17 11:27:13] AgnamStore.INFO: > GET /admin/item/add [] []
[2014-12-17 11:27:13] AgnamStore.INFO: < 200 [] []
[2014-12-17 11:27:14] AgnamStore.INFO: Matched route "_wdt" (parameters: "_controller": "web_profiler.controller.profiler:toolbarAction", "token": "18e015", "_route": "_wdt") [] []
[2014-12-17 11:27:14] AgnamStore.INFO: > GET /_profiler/wdt/18e015 [] []
[2014-12-17 11:27:14] AgnamStore.INFO: < 200 [] []
[2014-12-17 11:27:22] AgnamStore.INFO: Matched route "_admin_item_add" (parameters: "_controller": "AgnamStore\Controller\ItemController::addItemAdm", "_route": "_admin_item_add") [] []
[2014-12-17 11:27:22] AgnamStore.INFO: > GET /admin/item/add [] []
[2014-12-17 11:27:22] AgnamStore.INFO: < 200 [] []
[2014-12-17 11:27:23] AgnamStore.INFO: Matched route "_wdt" (parameters: "_controller": "web_profiler.controller.profiler:toolbarAction", "token": "f687dc", "_route": "_wdt") [] []
[2014-12-17 11:27:23] AgnamStore.INFO: > GET /_profiler/wdt/f687dc [] []
[2014-12-17 11:27:23] AgnamStore.INFO: < 200 [] []
[2014-12-17 11:28:13] AgnamStore.INFO: Matched route "_admin_item_add" (parameters: "_controller": "AgnamStore\Controller\ItemController::addItemAdm", "_route": "_admin_item_add") [] []
[2014-12-17 11:28:13] AgnamStore.INFO: > GET /admin/item/add [] []
[2014-12-17 11:28:13] AgnamStore.INFO: < 200 [] []
[2014-12-17 11:28:14] AgnamStore.INFO: Matched route "_wdt" (parameters: "_controller": "web_profiler.controller.profiler:toolbarAction", "token": "e281ce", "_route": "_wdt") [] []
[2014-12-17 11:28:14] AgnamStore.INFO: > GET /_profiler/wdt/e281ce [] []
[2014-12-17 11:28:14] AgnamStore.INFO: < 200 [] []
[2014-12-17 11:29:01] AgnamStore.INFO: Matched route "_admin_item_add" (parameters: "_controller": "AgnamStore\Controller\ItemController::addItemAdm", "_route": "_admin_item_add") [] []
[2014-12-17 11:29:01] AgnamStore.INFO: > GET /admin/item/add [] []
[2014-12-17 11:29:01] AgnamStore.INFO: < 200 [] []
[2014-12-17 11:29:02] AgnamStore.INFO: Matched route "_wdt" (parameters: "_controller": "web_profiler.controller.profiler:toolbarAction", "token": "b22e1f", "_route": "_wdt") [] []
[2014-12-17 11:29:02] AgnamStore.INFO: > GET /_profiler/wdt/b22e1f [] []
[2014-12-17 11:29:02] AgnamStore.INFO: < 200 [] []
[2014-12-17 11:30:56] AgnamStore.INFO: Matched route "_admin_item_add" (parameters: "_controller": "AgnamStore\Controller\ItemController::addItemAdm", "_route": "_admin_item_add") [] []
[2014-12-17 11:30:56] AgnamStore.INFO: > GET /admin/item/add [] []
[2014-12-17 11:30:57] AgnamStore.INFO: < 200 [] []
[2014-12-17 11:30:57] AgnamStore.INFO: Matched route "_wdt" (parameters: "_controller": "web_profiler.controller.profiler:toolbarAction", "token": "a15b05", "_route": "_wdt") [] []
[2014-12-17 11:30:57] AgnamStore.INFO: > GET /_profiler/wdt/a15b05 [] []
[2014-12-17 11:30:57] AgnamStore.INFO: < 200 [] []
[2014-12-17 11:37:14] AgnamStore.INFO: Matched route "_admin_item_add" (parameters: "_controller": "AgnamStore\Controller\ItemController::addItemAdm", "_route": "_admin_item_add") [] []
[2014-12-17 11:37:14] AgnamStore.INFO: > GET /admin/item/add [] []
[2014-12-17 11:37:14] AgnamStore.CRITICAL: Symfony\Component\PropertyAccess\Exception\NoSuchPropertyException: Neither the property "genre" nor one of the methods "getGenre()", "genre()", "isGenre()", "hasGenre()", "__get()" exist and have public access in class "AgnamStore\Domain\Item". (uncaught exception) at M:\xampp\htdocs\agory\AgnamStore\vendor\symfony\property-access\Symfony\Component\PropertyAccess\PropertyAccessor.php line 367 {"exception":"[object] (Symfony\\Component\\PropertyAccess\\Exception\\NoSuchPropertyException: Neither the property \"genre\" nor one of the methods \"getGenre()\", \"genre()\", \"isGenre()\", \"hasGenre()\", \"__get()\" exist and have public access in class \"AgnamStore\\Domain\\Item\". at M:\\xampp\\htdocs\\agory\\AgnamStore\\vendor\\symfony\\property-access\\Symfony\\Component\\PropertyAccess\\PropertyAccessor.php:367)"} []
[2014-12-17 11:37:14] AgnamStore.INFO: < 500 [] []
[2014-12-17 11:37:14] AgnamStore.INFO: Matched route "_wdt" (parameters: "_controller": "web_profiler.controller.profiler:toolbarAction", "token": "727d73", "_route": "_wdt") [] []
[2014-12-17 11:37:14] AgnamStore.INFO: > GET /_profiler/wdt/727d73 [] []
[2014-12-17 11:37:15] AgnamStore.INFO: < 200 [] []
[2014-12-17 11:37:17] AgnamStore.INFO: Matched route "_profiler" (parameters: "_controller": "web_profiler.controller.profiler:panelAction", "token": "727d73", "_route": "_profiler") [] []
[2014-12-17 11:37:17] AgnamStore.INFO: > GET /_profiler/727d73?panel=logger [] []
[2014-12-17 11:37:17] AgnamStore.INFO: Matched route "_wdt" (parameters: "_controller": "web_profiler.controller.profiler:toolbarAction", "token": "727d73", "_route": "_wdt") [] []
[2014-12-17 11:37:17] AgnamStore.INFO: Matched route "_profiler_search_bar" (parameters: "_controller": "web_profiler.controller.profiler:searchBarAction", "_route": "_profiler_search_bar") [] []
[2014-12-17 11:37:17] AgnamStore.INFO: < 200 [] []
[2014-12-17 11:38:04] AgnamStore.INFO: Matched route "_admin_item_add" (parameters: "_controller": "AgnamStore\Controller\ItemController::addItemAdm", "_route": "_admin_item_add") [] []
[2014-12-17 11:38:04] AgnamStore.INFO: > GET /admin/item/add [] []
[2014-12-17 11:38:04] AgnamStore.INFO: < 200 [] []
[2014-12-17 11:38:04] AgnamStore.INFO: Matched route "_wdt" (parameters: "_controller": "web_profiler.controller.profiler:toolbarAction", "token": "431b66", "_route": "_wdt") [] []
[2014-12-17 11:38:04] AgnamStore.INFO: > GET /_profiler/wdt/431b66 [] []
[2014-12-17 11:38:05] AgnamStore.INFO: < 200 [] []
[2014-12-17 11:39:20] AgnamStore.INFO: Matched route "_admin_item_add" (parameters: "_controller": "AgnamStore\Controller\ItemController::addItemAdm", "_route": "_admin_item_add") [] []
[2014-12-17 11:39:20] AgnamStore.INFO: > GET /admin/item/add [] []
[2014-12-17 11:39:20] AgnamStore.INFO: < 200 [] []
[2014-12-17 11:39:20] AgnamStore.INFO: Matched route "_wdt" (parameters: "_controller": "web_profiler.controller.profiler:toolbarAction", "token": "4fa390", "_route": "_wdt") [] []
[2014-12-17 11:39:20] AgnamStore.INFO: > GET /_profiler/wdt/4fa390 [] []
[2014-12-17 11:39:21] AgnamStore.INFO: < 200 [] []
[2014-12-17 11:39:42] AgnamStore.INFO: Matched route "_admin_item_add" (parameters: "_controller": "AgnamStore\Controller\ItemController::addItemAdm", "_route": "_admin_item_add") [] []
[2014-12-17 11:39:42] AgnamStore.INFO: > GET /admin/item/add [] []
[2014-12-17 11:39:42] AgnamStore.INFO: < 200 [] []
[2014-12-17 11:39:42] AgnamStore.INFO: Matched route "_wdt" (parameters: "_controller": "web_profiler.controller.profiler:toolbarAction", "token": "256497", "_route": "_wdt") [] []
[2014-12-17 11:39:42] AgnamStore.INFO: > GET /_profiler/wdt/256497 [] []
[2014-12-17 11:39:43] AgnamStore.INFO: < 200 [] []
[2014-12-17 11:44:31] AgnamStore.INFO: Matched route "_admin_item_add" (parameters: "_controller": "AgnamStore\Controller\ItemController::addItemAdm", "_route": "_admin_item_add") [] []
[2014-12-17 11:44:31] AgnamStore.INFO: > POST /admin/item/add [] []
[2014-12-17 11:44:31] AgnamStore.INFO: < 200 [] []
[2014-12-17 11:44:31] AgnamStore.INFO: Matched route "_wdt" (parameters: "_controller": "web_profiler.controller.profiler:toolbarAction", "token": "654588", "_route": "_wdt") [] []
[2014-12-17 11:44:31] AgnamStore.INFO: > GET /_profiler/wdt/654588 [] []
[2014-12-17 11:44:31] AgnamStore.INFO: < 200 [] []
[2014-12-17 11:51:24] AgnamStore.INFO: Matched route "_admin_item_add" (parameters: "_controller": "AgnamStore\Controller\ItemController::addItemAdm", "_route": "_admin_item_add") [] []
[2014-12-17 11:51:24] AgnamStore.INFO: > POST /admin/item/add [] []
[2014-12-17 11:51:25] AgnamStore.INFO: < 200 [] []
[2014-12-17 11:51:25] AgnamStore.INFO: Matched route "_wdt" (parameters: "_controller": "web_profiler.controller.profiler:toolbarAction", "token": "85d7ff", "_route": "_wdt") [] []
[2014-12-17 11:51:25] AgnamStore.INFO: > GET /_profiler/wdt/85d7ff [] []
[2014-12-17 11:51:25] AgnamStore.INFO: < 200 [] []
